<?xml version="1.0" encoding="UTF-8"?>
<!-- Generated by org.testng.reporters.JUnitReportReporter -->
<testsuite hostname="Tulkin" failures="0" tests="1" name="testcases.EbanqTest" time="9.054" errors="0" timestamp="2022-04-18T17:17:59 EDT" skipped="0">
  <testcase classname="testcases.EbanqTest" name="logInTest" time="9.054"/>
  <system-out/>
</testsuite> <!-- testcases.EbanqTest -->
