<?xml version="1.0" encoding="UTF-8"?>
<!-- Generated by org.testng.reporters.JUnitReportReporter -->
<testsuite hostname="Tulkin" failures="0" tests="1" name="testcases.LogIn_OrangeHRM" time="1.860" errors="0" timestamp="2022-04-18T12:01:10 EDT" skipped="0">
  <testcase classname="testcases.LogIn_OrangeHRM" name="logInWithWrong" time="1.860"/>
  <system-out/>
</testsuite> <!-- testcases.LogIn_OrangeHRM -->
