<?xml version="1.0" encoding="UTF-8"?>
<!-- Generated by org.testng.reporters.JUnitReportReporter -->
<testsuite hostname="Tulkin" failures="0" tests="1" name="pageObjects.DemoShopHomePage" time="3.883" errors="0" timestamp="2022-04-11T21:04:22 EDT" skipped="0">
  <testcase classname="pageObjects.DemoShopHomePage" name="launch" time="3.883"/>
  <system-out/>
</testsuite> <!-- pageObjects.DemoShopHomePage -->
