<?xml version="1.0" encoding="UTF-8"?>
<!-- Generated by org.testng.reporters.JUnitReportReporter -->
<testsuite hostname="Tulkin" failures="0" tests="1" name="com.demowebshop.step_definitions.Registration" time="22.323" errors="0" timestamp="2022-04-12T11:39:16 EDT" skipped="0">
  <testcase classname="com.demowebshop.step_definitions.Registration" name="user_launches_demo_shop_home_page" time="22.323"/>
  <system-out/>
</testsuite> <!-- com.demowebshop.step_definitions.Registration -->
